\BOOKMARK [0][-]{chapter.1}{\376\377\0001\000\040\000H\000i\000e\000r\000a\000r\000c\000h\000i\000c\000a\000l\000\040\000I\000n\000d\000e\000x}{}% 1
\BOOKMARK [1][-]{section.1.1}{\376\377\0001\000.\0001\000\040\000C\000l\000a\000s\000s\000\040\000H\000i\000e\000r\000a\000r\000c\000h\000y}{chapter.1}% 2
\BOOKMARK [0][-]{chapter.2}{\376\377\0002\000\040\000C\000l\000a\000s\000s\000\040\000I\000n\000d\000e\000x}{}% 3
\BOOKMARK [1][-]{section.2.1}{\376\377\0002\000.\0001\000\040\000C\000l\000a\000s\000s\000\040\000L\000i\000s\000t}{chapter.2}% 4
\BOOKMARK [0][-]{chapter.3}{\376\377\0003\000\040\000F\000i\000l\000e\000\040\000I\000n\000d\000e\000x}{}% 5
\BOOKMARK [1][-]{section.3.1}{\376\377\0003\000.\0001\000\040\000F\000i\000l\000e\000\040\000L\000i\000s\000t}{chapter.3}% 6
\BOOKMARK [0][-]{chapter.4}{\376\377\0004\000\040\000C\000l\000a\000s\000s\000\040\000D\000o\000c\000u\000m\000e\000n\000t\000a\000t\000i\000o\000n}{}% 7
\BOOKMARK [1][-]{section.4.1}{\376\377\0004\000.\0001\000\040\000D\000a\000n\000i\000e\000\040\000C\000l\000a\000s\000s\000\040\000R\000e\000f\000e\000r\000e\000n\000c\000e}{chapter.4}% 8
\BOOKMARK [2][-]{subsection.4.1.1}{\376\377\0004\000.\0001\000.\0001\000\040\000D\000e\000t\000a\000i\000l\000e\000d\000\040\000D\000e\000s\000c\000r\000i\000p\000t\000i\000o\000n}{section.4.1}% 9
\BOOKMARK [2][-]{subsection.4.1.2}{\376\377\0004\000.\0001\000.\0002\000\040\000C\000o\000n\000s\000t\000r\000u\000c\000t\000o\000r\000\040\000\046\000\040\000D\000e\000s\000t\000r\000u\000c\000t\000o\000r\000\040\000D\000o\000c\000u\000m\000e\000n\000t\000a\000t\000i\000o\000n}{section.4.1}% 10
\BOOKMARK [3][-]{subsubsection.4.1.2.1}{\376\377\0004\000.\0001\000.\0002\000.\0001\000\040\000D\000a\000n\000i\000e\000\050\000\051}{subsection.4.1.2}% 11
\BOOKMARK [2][-]{subsection.4.1.3}{\376\377\0004\000.\0001\000.\0003\000\040\000M\000e\000m\000b\000e\000r\000\040\000F\000u\000n\000c\000t\000i\000o\000n\000\040\000D\000o\000c\000u\000m\000e\000n\000t\000a\000t\000i\000o\000n}{section.4.1}% 12
\BOOKMARK [3][-]{subsubsection.4.1.3.1}{\376\377\0004\000.\0001\000.\0003\000.\0001\000\040\000o\000p\000e\000r\000a\000t\000o\000r\000<\000=\000>\000\050\000\051}{subsection.4.1.3}% 13
\BOOKMARK [3][-]{subsubsection.4.1.3.2}{\376\377\0004\000.\0001\000.\0003\000.\0002\000\040\000p\000o\000k\000a\000z\000\137\000c\000z\000a\000s\000\050\000\051}{subsection.4.1.3}% 14
\BOOKMARK [2][-]{subsection.4.1.4}{\376\377\0004\000.\0001\000.\0004\000\040\000F\000r\000i\000e\000n\000d\000s\000\040\000A\000n\000d\000\040\000R\000e\000l\000a\000t\000e\000d\000\040\000F\000u\000n\000c\000t\000i\000o\000n\000\040\000D\000o\000c\000u\000m\000e\000n\000t\000a\000t\000i\000o\000n}{section.4.1}% 15
\BOOKMARK [3][-]{subsubsection.4.1.4.1}{\376\377\0004\000.\0001\000.\0004\000.\0001\000\040\000o\000p\000e\000r\000a\000t\000o\000r\000<\000<}{subsection.4.1.4}% 16
\BOOKMARK [3][-]{subsubsection.4.1.4.2}{\376\377\0004\000.\0001\000.\0004\000.\0002\000\040\000Z\000a\000m\000o\000w\000i\000e\000n\000i\000e}{subsection.4.1.4}% 17
\BOOKMARK [3][-]{subsubsection.4.1.4.3}{\376\377\0004\000.\0001\000.\0004\000.\0003\000\040\000Z\000r\000e\000a\000l\000i\000z\000o\000w\000a\000n\000e\000\137\000z\000a\000m\000o\000w\000i\000e\000n\000i\000e}{subsection.4.1.4}% 18
\BOOKMARK [2][-]{subsection.4.1.5}{\376\377\0004\000.\0001\000.\0005\000\040\000M\000e\000m\000b\000e\000r\000\040\000D\000a\000t\000a\000\040\000D\000o\000c\000u\000m\000e\000n\000t\000a\000t\000i\000o\000n}{section.4.1}% 19
\BOOKMARK [3][-]{subsubsection.4.1.5.1}{\376\377\0004\000.\0001\000.\0005\000.\0001\000\040\000c\000e\000n\000a}{subsection.4.1.5}% 20
\BOOKMARK [3][-]{subsubsection.4.1.5.2}{\376\377\0004\000.\0001\000.\0005\000.\0002\000\040\000c\000z\000a\000s\000\137\000p\000r\000z\000y\000g\000o\000t\000w\000a\000n\000i\000a}{subsection.4.1.5}% 21
\BOOKMARK [3][-]{subsubsection.4.1.5.3}{\376\377\0004\000.\0001\000.\0005\000.\0003\000\040\000n\000a\000z\000w\000a}{subsection.4.1.5}% 22
\BOOKMARK [3][-]{subsubsection.4.1.5.4}{\376\377\0004\000.\0001\000.\0005\000.\0004\000\040\000w\000i\000e\000l\000k\000o\000s\000c\000\137\000p\000o\000r\000c\000j\000i}{subsection.4.1.5}% 23
\BOOKMARK [1][-]{section.4.2}{\376\377\0004\000.\0002\000\040\000K\000e\000l\000n\000e\000r\000\040\000C\000l\000a\000s\000s\000\040\000R\000e\000f\000e\000r\000e\000n\000c\000e}{chapter.4}% 24
\BOOKMARK [2][-]{subsection.4.2.1}{\376\377\0004\000.\0002\000.\0001\000\040\000D\000e\000t\000a\000i\000l\000e\000d\000\040\000D\000e\000s\000c\000r\000i\000p\000t\000i\000o\000n}{section.4.2}% 25
\BOOKMARK [2][-]{subsection.4.2.2}{\376\377\0004\000.\0002\000.\0002\000\040\000C\000o\000n\000s\000t\000r\000u\000c\000t\000o\000r\000\040\000\046\000\040\000D\000e\000s\000t\000r\000u\000c\000t\000o\000r\000\040\000D\000o\000c\000u\000m\000e\000n\000t\000a\000t\000i\000o\000n}{section.4.2}% 26
\BOOKMARK [3][-]{subsubsection.4.2.2.1}{\376\377\0004\000.\0002\000.\0002\000.\0001\000\040\000K\000e\000l\000n\000e\000r\000\050\000\051}{subsection.4.2.2}% 27
\BOOKMARK [2][-]{subsection.4.2.3}{\376\377\0004\000.\0002\000.\0003\000\040\000M\000e\000m\000b\000e\000r\000\040\000F\000u\000n\000c\000t\000i\000o\000n\000\040\000D\000o\000c\000u\000m\000e\000n\000t\000a\000t\000i\000o\000n}{section.4.2}% 28
\BOOKMARK [3][-]{subsubsection.4.2.3.1}{\376\377\0004\000.\0002\000.\0003\000.\0001\000\040\000a\000k\000t\000u\000a\000l\000i\000z\000u\000j\000\050\000\051}{subsection.4.2.3}% 29
\BOOKMARK [3][-]{subsubsection.4.2.3.2}{\376\377\0004\000.\0002\000.\0003\000.\0002\000\040\000o\000d\000w\000o\000l\000a\000j\000\050\000\051}{subsection.4.2.3}% 30
\BOOKMARK [3][-]{subsubsection.4.2.3.3}{\376\377\0004\000.\0002\000.\0003\000.\0003\000\040\000w\000y\000s\000w\000i\000e\000t\000l\000\137\000p\000r\000a\000c\000o\000w\000n\000i\000k\000a\000\050\000\051}{subsection.4.2.3}% 31
\BOOKMARK [3][-]{subsubsection.4.2.3.4}{\376\377\0004\000.\0002\000.\0003\000.\0004\000\040\000z\000a\000j\000m\000i\000j\000\137\000w\000o\000l\000n\000e\000g\000o\000\137\000p\000r\000a\000c\000o\000w\000n\000i\000k\000a\000\050\000\051}{subsection.4.2.3}% 32
\BOOKMARK [3][-]{subsubsection.4.2.3.5}{\376\377\0004\000.\0002\000.\0003\000.\0005\000\040\000z\000n\000a\000j\000d\000z\000\137\000w\000o\000l\000n\000e\000g\000o\000\137\000p\000r\000a\000c\000o\000w\000n\000i\000k\000a\000\050\000\051}{subsection.4.2.3}% 33
\BOOKMARK [1][-]{section.4.3}{\376\377\0004\000.\0003\000\040\000K\000u\000c\000h\000a\000r\000z\000\040\000C\000l\000a\000s\000s\000\040\000R\000e\000f\000e\000r\000e\000n\000c\000e}{chapter.4}% 34
\BOOKMARK [2][-]{subsection.4.3.1}{\376\377\0004\000.\0003\000.\0001\000\040\000D\000e\000t\000a\000i\000l\000e\000d\000\040\000D\000e\000s\000c\000r\000i\000p\000t\000i\000o\000n}{section.4.3}% 35
\BOOKMARK [2][-]{subsection.4.3.2}{\376\377\0004\000.\0003\000.\0002\000\040\000C\000o\000n\000s\000t\000r\000u\000c\000t\000o\000r\000\040\000\046\000\040\000D\000e\000s\000t\000r\000u\000c\000t\000o\000r\000\040\000D\000o\000c\000u\000m\000e\000n\000t\000a\000t\000i\000o\000n}{section.4.3}% 36
\BOOKMARK [3][-]{subsubsection.4.3.2.1}{\376\377\0004\000.\0003\000.\0002\000.\0001\000\040\000K\000u\000c\000h\000a\000r\000z\000\050\000\051}{subsection.4.3.2}% 37
\BOOKMARK [2][-]{subsection.4.3.3}{\376\377\0004\000.\0003\000.\0003\000\040\000M\000e\000m\000b\000e\000r\000\040\000F\000u\000n\000c\000t\000i\000o\000n\000\040\000D\000o\000c\000u\000m\000e\000n\000t\000a\000t\000i\000o\000n}{section.4.3}% 38
\BOOKMARK [3][-]{subsubsection.4.3.3.1}{\376\377\0004\000.\0003\000.\0003\000.\0001\000\040\000a\000k\000t\000u\000a\000l\000i\000z\000u\000j\000\050\000\051}{subsection.4.3.3}% 39
\BOOKMARK [3][-]{subsubsection.4.3.3.2}{\376\377\0004\000.\0003\000.\0003\000.\0002\000\040\000o\000d\000w\000o\000l\000a\000j\000\050\000\051}{subsection.4.3.3}% 40
\BOOKMARK [3][-]{subsubsection.4.3.3.3}{\376\377\0004\000.\0003\000.\0003\000.\0003\000\040\000w\000y\000s\000w\000i\000e\000t\000l\000\137\000p\000r\000a\000c\000o\000w\000n\000i\000k\000a\000\050\000\051}{subsection.4.3.3}% 41
\BOOKMARK [3][-]{subsubsection.4.3.3.4}{\376\377\0004\000.\0003\000.\0003\000.\0004\000\040\000z\000a\000j\000m\000i\000j\000\137\000w\000o\000l\000n\000e\000g\000o\000\137\000p\000r\000a\000c\000o\000w\000n\000i\000k\000a\000\050\000\051}{subsection.4.3.3}% 42
\BOOKMARK [3][-]{subsubsection.4.3.3.5}{\376\377\0004\000.\0003\000.\0003\000.\0005\000\040\000z\000n\000a\000j\000d\000z\000\137\000w\000o\000l\000n\000e\000g\000o\000\137\000p\000r\000a\000c\000o\000w\000n\000i\000k\000a\000\050\000\051}{subsection.4.3.3}% 43
\BOOKMARK [1][-]{section.4.4}{\376\377\0004\000.\0004\000\040\000K\000u\000c\000h\000n\000i\000a\000\040\000C\000l\000a\000s\000s\000\040\000R\000e\000f\000e\000r\000e\000n\000c\000e}{chapter.4}% 44
\BOOKMARK [2][-]{subsection.4.4.1}{\376\377\0004\000.\0004\000.\0001\000\040\000D\000e\000t\000a\000i\000l\000e\000d\000\040\000D\000e\000s\000c\000r\000i\000p\000t\000i\000o\000n}{section.4.4}% 45
\BOOKMARK [2][-]{subsection.4.4.2}{\376\377\0004\000.\0004\000.\0002\000\040\000C\000o\000n\000s\000t\000r\000u\000c\000t\000o\000r\000\040\000\046\000\040\000D\000e\000s\000t\000r\000u\000c\000t\000o\000r\000\040\000D\000o\000c\000u\000m\000e\000n\000t\000a\000t\000i\000o\000n}{section.4.4}% 46
\BOOKMARK [3][-]{subsubsection.4.4.2.1}{\376\377\0004\000.\0004\000.\0002\000.\0001\000\040\000K\000u\000c\000h\000n\000i\000a\000\050\000\051}{subsection.4.4.2}% 47
\BOOKMARK [3][-]{subsubsection.4.4.2.2}{\376\377\0004\000.\0004\000.\0002\000.\0002\000\040\000\040\000K\000u\000c\000h\000n\000i\000a\000\050\000\051}{subsection.4.4.2}% 48
\BOOKMARK [2][-]{subsection.4.4.3}{\376\377\0004\000.\0004\000.\0003\000\040\000M\000e\000m\000b\000e\000r\000\040\000F\000u\000n\000c\000t\000i\000o\000n\000\040\000D\000o\000c\000u\000m\000e\000n\000t\000a\000t\000i\000o\000n}{section.4.4}% 49
\BOOKMARK [3][-]{subsubsection.4.4.3.1}{\376\377\0004\000.\0004\000.\0003\000.\0001\000\040\000p\000o\000k\000a\000z\000\137\000s\000k\000l\000a\000d\000\137\000k\000u\000c\000h\000n\000i\000\050\000\051}{subsection.4.4.3}% 50
\BOOKMARK [3][-]{subsubsection.4.4.3.2}{\376\377\0004\000.\0004\000.\0003\000.\0002\000\040\000z\000a\000j\000m\000i\000j\000\137\000p\000r\000a\000c\000o\000w\000n\000i\000k\000a\000\050\000\051}{subsection.4.4.3}% 51
\BOOKMARK [3][-]{subsubsection.4.4.3.3}{\376\377\0004\000.\0004\000.\0003\000.\0003\000\040\000z\000n\000a\000j\000d\000z\000\137\000w\000o\000l\000n\000e\000g\000o\000\137\000k\000e\000l\000n\000e\000r\000a\000\050\000\051}{subsection.4.4.3}% 52
\BOOKMARK [3][-]{subsubsection.4.4.3.4}{\376\377\0004\000.\0004\000.\0003\000.\0004\000\040\000z\000n\000a\000j\000d\000z\000\137\000w\000o\000l\000n\000e\000g\000o\000\137\000k\000u\000c\000h\000a\000r\000z\000a\000\050\000\051}{subsection.4.4.3}% 53
\BOOKMARK [2][-]{subsection.4.4.4}{\376\377\0004\000.\0004\000.\0004\000\040\000M\000e\000m\000b\000e\000r\000\040\000D\000a\000t\000a\000\040\000D\000o\000c\000u\000m\000e\000n\000t\000a\000t\000i\000o\000n}{section.4.4}% 54
\BOOKMARK [3][-]{subsubsection.4.4.4.1}{\376\377\0004\000.\0004\000.\0004\000.\0001\000\040\000p\000r\000a\000c\000o\000w\000n\000i\000c\000y}{subsection.4.4.4}% 55
\BOOKMARK [1][-]{section.4.5}{\376\377\0004\000.\0005\000\040\000L\000i\000s\000t\000a\000S\000t\000o\000l\000i\000k\000o\000w\000\040\000C\000l\000a\000s\000s\000\040\000R\000e\000f\000e\000r\000e\000n\000c\000e}{chapter.4}% 56
\BOOKMARK [2][-]{subsection.4.5.1}{\376\377\0004\000.\0005\000.\0001\000\040\000D\000e\000t\000a\000i\000l\000e\000d\000\040\000D\000e\000s\000c\000r\000i\000p\000t\000i\000o\000n}{section.4.5}% 57
\BOOKMARK [2][-]{subsection.4.5.2}{\376\377\0004\000.\0005\000.\0002\000\040\000C\000o\000n\000s\000t\000r\000u\000c\000t\000o\000r\000\040\000\046\000\040\000D\000e\000s\000t\000r\000u\000c\000t\000o\000r\000\040\000D\000o\000c\000u\000m\000e\000n\000t\000a\000t\000i\000o\000n}{section.4.5}% 58
\BOOKMARK [3][-]{subsubsection.4.5.2.1}{\376\377\0004\000.\0005\000.\0002\000.\0001\000\040\000L\000i\000s\000t\000a\000S\000t\000o\000l\000i\000k\000o\000w\000\050\000\051}{subsection.4.5.2}% 59
\BOOKMARK [2][-]{subsection.4.5.3}{\376\377\0004\000.\0005\000.\0003\000\040\000M\000e\000m\000b\000e\000r\000\040\000F\000u\000n\000c\000t\000i\000o\000n\000\040\000D\000o\000c\000u\000m\000e\000n\000t\000a\000t\000i\000o\000n}{section.4.5}% 60
\BOOKMARK [3][-]{subsubsection.4.5.3.1}{\376\377\0004\000.\0005\000.\0003\000.\0001\000\040\000d\000o\000s\000t\000e\000p\000\137\000s\000t\000o\000l\000i\000k\000i\000\050\000\051}{subsection.4.5.3}% 61
\BOOKMARK [3][-]{subsubsection.4.5.3.2}{\376\377\0004\000.\0005\000.\0003\000.\0002\000\040\000s\000z\000u\000k\000a\000j\000\137\000s\000t\000o\000l\000i\000k\000a\000\050\000\051}{subsection.4.5.3}% 62
\BOOKMARK [3][-]{subsubsection.4.5.3.3}{\376\377\0004\000.\0005\000.\0003\000.\0003\000\040\000w\000y\000s\000w\000i\000e\000t\000l\000\137\000s\000t\000o\000l\000i\000k\000i\000\050\000\051}{subsection.4.5.3}% 63
\BOOKMARK [3][-]{subsubsection.4.5.3.4}{\376\377\0004\000.\0005\000.\0003\000.\0004\000\040\000z\000w\000o\000l\000n\000i\000j\000\137\000s\000t\000o\000l\000i\000k\000\050\000\051}{subsection.4.5.3}% 64
\BOOKMARK [2][-]{subsection.4.5.4}{\376\377\0004\000.\0005\000.\0004\000\040\000M\000e\000m\000b\000e\000r\000\040\000D\000a\000t\000a\000\040\000D\000o\000c\000u\000m\000e\000n\000t\000a\000t\000i\000o\000n}{section.4.5}% 65
\BOOKMARK [3][-]{subsubsection.4.5.4.1}{\376\377\0004\000.\0005\000.\0004\000.\0001\000\040\000s\000t\000o\000l\000i\000k\000i}{subsection.4.5.4}% 66
\BOOKMARK [1][-]{section.4.6}{\376\377\0004\000.\0006\000\040\000M\000e\000n\000u\000\040\000C\000l\000a\000s\000s\000\040\000R\000e\000f\000e\000r\000e\000n\000c\000e}{chapter.4}% 67
\BOOKMARK [2][-]{subsection.4.6.1}{\376\377\0004\000.\0006\000.\0001\000\040\000D\000e\000t\000a\000i\000l\000e\000d\000\040\000D\000e\000s\000c\000r\000i\000p\000t\000i\000o\000n}{section.4.6}% 68
\BOOKMARK [2][-]{subsection.4.6.2}{\376\377\0004\000.\0006\000.\0002\000\040\000C\000o\000n\000s\000t\000r\000u\000c\000t\000o\000r\000\040\000\046\000\040\000D\000e\000s\000t\000r\000u\000c\000t\000o\000r\000\040\000D\000o\000c\000u\000m\000e\000n\000t\000a\000t\000i\000o\000n}{section.4.6}% 69
\BOOKMARK [3][-]{subsubsection.4.6.2.1}{\376\377\0004\000.\0006\000.\0002\000.\0001\000\040\000M\000e\000n\000u\000\050\000\051}{subsection.4.6.2}% 70
\BOOKMARK [2][-]{subsection.4.6.3}{\376\377\0004\000.\0006\000.\0003\000\040\000M\000e\000m\000b\000e\000r\000\040\000F\000u\000n\000c\000t\000i\000o\000n\000\040\000D\000o\000c\000u\000m\000e\000n\000t\000a\000t\000i\000o\000n}{section.4.6}% 71
\BOOKMARK [3][-]{subsubsection.4.6.3.1}{\376\377\0004\000.\0006\000.\0003\000.\0001\000\040\000w\000y\000s\000w\000i\000e\000t\000l\000\137\000m\000e\000n\000u\000\050\000\051}{subsection.4.6.3}% 72
\BOOKMARK [2][-]{subsection.4.6.4}{\376\377\0004\000.\0006\000.\0004\000\040\000F\000r\000i\000e\000n\000d\000s\000\040\000A\000n\000d\000\040\000R\000e\000l\000a\000t\000e\000d\000\040\000F\000u\000n\000c\000t\000i\000o\000n\000\040\000D\000o\000c\000u\000m\000e\000n\000t\000a\000t\000i\000o\000n}{section.4.6}% 73
\BOOKMARK [3][-]{subsubsection.4.6.4.1}{\376\377\0004\000.\0006\000.\0004\000.\0001\000\040\000Z\000a\000m\000o\000w\000i\000e\000n\000i\000e}{subsection.4.6.4}% 74
\BOOKMARK [2][-]{subsection.4.6.5}{\376\377\0004\000.\0006\000.\0005\000\040\000M\000e\000m\000b\000e\000r\000\040\000D\000a\000t\000a\000\040\000D\000o\000c\000u\000m\000e\000n\000t\000a\000t\000i\000o\000n}{section.4.6}% 75
\BOOKMARK [3][-]{subsubsection.4.6.5.1}{\376\377\0004\000.\0006\000.\0005\000.\0001\000\040\000l\000i\000s\000t\000a\000\137\000d\000a\000n}{subsection.4.6.5}% 76
\BOOKMARK [1][-]{section.4.7}{\376\377\0004\000.\0007\000\040\000O\000b\000s\000e\000r\000w\000a\000t\000o\000r\000\040\000C\000l\000a\000s\000s\000\040\000R\000e\000f\000e\000r\000e\000n\000c\000e}{chapter.4}% 77
\BOOKMARK [2][-]{subsection.4.7.1}{\376\377\0004\000.\0007\000.\0001\000\040\000D\000e\000t\000a\000i\000l\000e\000d\000\040\000D\000e\000s\000c\000r\000i\000p\000t\000i\000o\000n}{section.4.7}% 78
\BOOKMARK [2][-]{subsection.4.7.2}{\376\377\0004\000.\0007\000.\0002\000\040\000C\000o\000n\000s\000t\000r\000u\000c\000t\000o\000r\000\040\000\046\000\040\000D\000e\000s\000t\000r\000u\000c\000t\000o\000r\000\040\000D\000o\000c\000u\000m\000e\000n\000t\000a\000t\000i\000o\000n}{section.4.7}% 79
\BOOKMARK [3][-]{subsubsection.4.7.2.1}{\376\377\0004\000.\0007\000.\0002\000.\0001\000\040\000\040\000O\000b\000s\000e\000r\000w\000a\000t\000o\000r\000\050\000\051}{subsection.4.7.2}% 80
\BOOKMARK [2][-]{subsection.4.7.3}{\376\377\0004\000.\0007\000.\0003\000\040\000M\000e\000m\000b\000e\000r\000\040\000F\000u\000n\000c\000t\000i\000o\000n\000\040\000D\000o\000c\000u\000m\000e\000n\000t\000a\000t\000i\000o\000n}{section.4.7}% 81
\BOOKMARK [3][-]{subsubsection.4.7.3.1}{\376\377\0004\000.\0007\000.\0003\000.\0001\000\040\000a\000k\000t\000u\000a\000l\000i\000z\000u\000j\000\050\000\051}{subsection.4.7.3}% 82
\BOOKMARK [3][-]{subsubsection.4.7.3.2}{\376\377\0004\000.\0007\000.\0003\000.\0002\000\040\000o\000d\000w\000o\000l\000a\000j\000\050\000\051}{subsection.4.7.3}% 83
\BOOKMARK [1][-]{section.4.8}{\376\377\0004\000.\0008\000\040\000P\000r\000a\000c\000o\000w\000n\000i\000k\000\040\000C\000l\000a\000s\000s\000\040\000R\000e\000f\000e\000r\000e\000n\000c\000e}{chapter.4}% 84
\BOOKMARK [2][-]{subsection.4.8.1}{\376\377\0004\000.\0008\000.\0001\000\040\000D\000e\000t\000a\000i\000l\000e\000d\000\040\000D\000e\000s\000c\000r\000i\000p\000t\000i\000o\000n}{section.4.8}% 85
\BOOKMARK [2][-]{subsection.4.8.2}{\376\377\0004\000.\0008\000.\0002\000\040\000C\000o\000n\000s\000t\000r\000u\000c\000t\000o\000r\000\040\000\046\000\040\000D\000e\000s\000t\000r\000u\000c\000t\000o\000r\000\040\000D\000o\000c\000u\000m\000e\000n\000t\000a\000t\000i\000o\000n}{section.4.8}% 86
\BOOKMARK [3][-]{subsubsection.4.8.2.1}{\376\377\0004\000.\0008\000.\0002\000.\0001\000\040\000P\000r\000a\000c\000o\000w\000n\000i\000k\000\050\000\051}{subsection.4.8.2}% 87
\BOOKMARK [2][-]{subsection.4.8.3}{\376\377\0004\000.\0008\000.\0003\000\040\000M\000e\000m\000b\000e\000r\000\040\000F\000u\000n\000c\000t\000i\000o\000n\000\040\000D\000o\000c\000u\000m\000e\000n\000t\000a\000t\000i\000o\000n}{section.4.8}% 88
\BOOKMARK [3][-]{subsubsection.4.8.3.1}{\376\377\0004\000.\0008\000.\0003\000.\0001\000\040\000a\000k\000t\000u\000a\000l\000i\000z\000u\000j\000\050\000\051}{subsection.4.8.3}% 89
\BOOKMARK [3][-]{subsubsection.4.8.3.2}{\376\377\0004\000.\0008\000.\0003\000.\0002\000\040\000d\000o\000s\000t\000e\000p\000\137\000a\000k\000t\000y\000w\000n\000y\000\050\000\051}{subsection.4.8.3}% 90
\BOOKMARK [3][-]{subsubsection.4.8.3.3}{\376\377\0004\000.\0008\000.\0003\000.\0003\000\040\000d\000o\000s\000t\000e\000p\000\137\000i\000m\000i\000e\000\050\000\051}{subsection.4.8.3}% 91
\BOOKMARK [3][-]{subsubsection.4.8.3.4}{\376\377\0004\000.\0008\000.\0003\000.\0004\000\040\000d\000o\000s\000t\000e\000p\000\137\000n\000a\000z\000w\000i\000s\000k\000o\000\050\000\051}{subsection.4.8.3}% 92
\BOOKMARK [3][-]{subsubsection.4.8.3.5}{\376\377\0004\000.\0008\000.\0003\000.\0005\000\040\000w\000y\000s\000w\000i\000e\000t\000l\000\137\000p\000r\000a\000c\000o\000w\000n\000i\000k\000a\000\050\000\051}{subsection.4.8.3}% 93
\BOOKMARK [3][-]{subsubsection.4.8.3.6}{\376\377\0004\000.\0008\000.\0003\000.\0006\000\040\000z\000a\000j\000m\000i\000j\000\137\000w\000o\000l\000n\000e\000g\000o\000\137\000p\000r\000a\000c\000o\000w\000n\000i\000k\000a\000\050\000\051}{subsection.4.8.3}% 94
\BOOKMARK [3][-]{subsubsection.4.8.3.7}{\376\377\0004\000.\0008\000.\0003\000.\0007\000\040\000z\000n\000a\000j\000d\000z\000\137\000w\000o\000l\000n\000e\000g\000o\000\137\000p\000r\000a\000c\000o\000w\000n\000i\000k\000a\000\050\000\051}{subsection.4.8.3}% 95
\BOOKMARK [2][-]{subsection.4.8.4}{\376\377\0004\000.\0008\000.\0004\000\040\000M\000e\000m\000b\000e\000r\000\040\000D\000a\000t\000a\000\040\000D\000o\000c\000u\000m\000e\000n\000t\000a\000t\000i\000o\000n}{section.4.8}% 96
\BOOKMARK [3][-]{subsubsection.4.8.4.1}{\376\377\0004\000.\0008\000.\0004\000.\0001\000\040\000a\000k\000t\000y\000w\000n\000y}{subsection.4.8.4}% 97
\BOOKMARK [3][-]{subsubsection.4.8.4.2}{\376\377\0004\000.\0008\000.\0004\000.\0002\000\040\000c\000z\000a\000s\000\137\000n\000a\000\137\000i\000l\000e\000\137\000z\000a\000j\000e\000t\000y}{subsection.4.8.4}% 98
\BOOKMARK [3][-]{subsubsection.4.8.4.3}{\376\377\0004\000.\0008\000.\0004\000.\0003\000\040\000i\000m\000i\000e}{subsection.4.8.4}% 99
\BOOKMARK [3][-]{subsubsection.4.8.4.4}{\376\377\0004\000.\0008\000.\0004\000.\0004\000\040\000n\000a\000z\000w\000i\000s\000k\000o}{subsection.4.8.4}% 100
\BOOKMARK [1][-]{section.4.9}{\376\377\0004\000.\0009\000\040\000S\000t\000o\000l\000i\000k\000\040\000C\000l\000a\000s\000s\000\040\000R\000e\000f\000e\000r\000e\000n\000c\000e}{chapter.4}% 101
\BOOKMARK [2][-]{subsection.4.9.1}{\376\377\0004\000.\0009\000.\0001\000\040\000D\000e\000t\000a\000i\000l\000e\000d\000\040\000D\000e\000s\000c\000r\000i\000p\000t\000i\000o\000n}{section.4.9}% 102
\BOOKMARK [2][-]{subsection.4.9.2}{\376\377\0004\000.\0009\000.\0002\000\040\000C\000o\000n\000s\000t\000r\000u\000c\000t\000o\000r\000\040\000\046\000\040\000D\000e\000s\000t\000r\000u\000c\000t\000o\000r\000\040\000D\000o\000c\000u\000m\000e\000n\000t\000a\000t\000i\000o\000n}{section.4.9}% 103
\BOOKMARK [3][-]{subsubsection.4.9.2.1}{\376\377\0004\000.\0009\000.\0002\000.\0001\000\040\000S\000t\000o\000l\000i\000k\000\050\000\051}{subsection.4.9.2}% 104
\BOOKMARK [2][-]{subsection.4.9.3}{\376\377\0004\000.\0009\000.\0003\000\040\000M\000e\000m\000b\000e\000r\000\040\000F\000u\000n\000c\000t\000i\000o\000n\000\040\000D\000o\000c\000u\000m\000e\000n\000t\000a\000t\000i\000o\000n}{section.4.9}% 105
\BOOKMARK [3][-]{subsubsection.4.9.3.1}{\376\377\0004\000.\0009\000.\0003\000.\0001\000\040\000d\000o\000s\000t\000e\000p\000\137\000d\000o\000\137\000m\000a\000x\000a\000\050\000\051}{subsection.4.9.3}% 106
\BOOKMARK [3][-]{subsubsection.4.9.3.2}{\376\377\0004\000.\0009\000.\0003\000.\0002\000\040\000d\000o\000s\000t\000e\000p\000\137\000n\000u\000m\000e\000r\000\137\000s\000t\000o\000l\000i\000k\000a\000\050\000\051}{subsection.4.9.3}% 107
\BOOKMARK [3][-]{subsubsection.4.9.3.3}{\376\377\0004\000.\0009\000.\0003\000.\0003\000\040\000p\000o\000k\000a\000z\000\137\000s\000t\000o\000l\000i\000k\000\050\000\051}{subsection.4.9.3}% 108
\BOOKMARK [3][-]{subsubsection.4.9.3.4}{\376\377\0004\000.\0009\000.\0003\000.\0004\000\040\000z\000a\000j\000m\000i\000j\000\050\000\051}{subsection.4.9.3}% 109
\BOOKMARK [2][-]{subsection.4.9.4}{\376\377\0004\000.\0009\000.\0004\000\040\000F\000r\000i\000e\000n\000d\000s\000\040\000A\000n\000d\000\040\000R\000e\000l\000a\000t\000e\000d\000\040\000F\000u\000n\000c\000t\000i\000o\000n\000\040\000D\000o\000c\000u\000m\000e\000n\000t\000a\000t\000i\000o\000n}{section.4.9}% 110
\BOOKMARK [3][-]{subsubsection.4.9.4.1}{\376\377\0004\000.\0009\000.\0004\000.\0001\000\040\000L\000i\000s\000t\000a\000S\000t\000o\000l\000i\000k\000o\000w}{subsection.4.9.4}% 111
\BOOKMARK [3][-]{subsubsection.4.9.4.2}{\376\377\0004\000.\0009\000.\0004\000.\0002\000\040\000w\000y\000z\000n\000a\000c\000z\000\137\000i\000d\000\137\000w\000o\000l\000n\000y\000\137\000s\000t\000o\000l\000i\000k\000\137\000m\000i\000n\000\137\000o\000s}{subsection.4.9.4}% 112
\BOOKMARK [2][-]{subsection.4.9.5}{\376\377\0004\000.\0009\000.\0005\000\040\000M\000e\000m\000b\000e\000r\000\040\000D\000a\000t\000a\000\040\000D\000o\000c\000u\000m\000e\000n\000t\000a\000t\000i\000o\000n}{section.4.9}% 113
\BOOKMARK [3][-]{subsubsection.4.9.5.1}{\376\377\0004\000.\0009\000.\0005\000.\0001\000\040\000a\000k\000t\000u\000a\000l\000n\000i\000\137\000u\000z\000y\000t\000k\000o\000w\000n\000i\000c\000y}{subsection.4.9.5}% 114
\BOOKMARK [3][-]{subsubsection.4.9.5.2}{\376\377\0004\000.\0009\000.\0005\000.\0002\000\040\000m\000a\000x\000\137\000i\000l\000o\000s\000c\000\137\000o\000s\000o\000b}{subsection.4.9.5}% 115
\BOOKMARK [3][-]{subsubsection.4.9.5.3}{\376\377\0004\000.\0009\000.\0005\000.\0003\000\040\000n\000u\000m\000e\000r}{subsection.4.9.5}% 116
\BOOKMARK [3][-]{subsubsection.4.9.5.4}{\376\377\0004\000.\0009\000.\0005\000.\0004\000\040\000w\000o\000l\000n\000y}{subsection.4.9.5}% 117
\BOOKMARK [1][-]{section.4.10}{\376\377\0004\000.\0001\0000\000\040\000Z\000a\000m\000o\000w\000i\000e\000n\000i\000e\000\040\000C\000l\000a\000s\000s\000\040\000R\000e\000f\000e\000r\000e\000n\000c\000e}{chapter.4}% 118
\BOOKMARK [2][-]{subsection.4.10.1}{\376\377\0004\000.\0001\0000\000.\0001\000\040\000D\000e\000t\000a\000i\000l\000e\000d\000\040\000D\000e\000s\000c\000r\000i\000p\000t\000i\000o\000n}{section.4.10}% 119
\BOOKMARK [2][-]{subsection.4.10.2}{\376\377\0004\000.\0001\0000\000.\0002\000\040\000C\000o\000n\000s\000t\000r\000u\000c\000t\000o\000r\000\040\000\046\000\040\000D\000e\000s\000t\000r\000u\000c\000t\000o\000r\000\040\000D\000o\000c\000u\000m\000e\000n\000t\000a\000t\000i\000o\000n}{section.4.10}% 120
\BOOKMARK [3][-]{subsubsection.4.10.2.1}{\376\377\0004\000.\0001\0000\000.\0002\000.\0001\000\040\000Z\000a\000m\000o\000w\000i\000e\000n\000i\000e\000\050\000\051}{subsection.4.10.2}% 121
\BOOKMARK [2][-]{subsection.4.10.3}{\376\377\0004\000.\0001\0000\000.\0003\000\040\000M\000e\000m\000b\000e\000r\000\040\000F\000u\000n\000c\000t\000i\000o\000n\000\040\000D\000o\000c\000u\000m\000e\000n\000t\000a\000t\000i\000o\000n}{section.4.10}% 122
\BOOKMARK [3][-]{subsubsection.4.10.3.1}{\376\377\0004\000.\0001\0000\000.\0003\000.\0001\000\040\000a\000n\000u\000l\000u\000j\000\050\000\051}{subsection.4.10.3}% 123
\BOOKMARK [3][-]{subsubsection.4.10.3.2}{\376\377\0004\000.\0001\0000\000.\0003\000.\0002\000\040\000d\000o\000d\000a\000j\000\137\000d\000a\000n\000i\000e\000\137\000d\000o\000\137\000z\000a\000m\000o\000w\000i\000e\000n\000i\000a\000\050\000\051}{subsection.4.10.3}% 124
\BOOKMARK [3][-]{subsubsection.4.10.3.3}{\376\377\0004\000.\0001\0000\000.\0003\000.\0003\000\040\000d\000o\000p\000i\000s\000z\000\050\000\051}{subsection.4.10.3}% 125
\BOOKMARK [3][-]{subsubsection.4.10.3.4}{\376\377\0004\000.\0001\0000\000.\0003\000.\0004\000\040\000d\000o\000s\000t\000e\000p\000\137\000s\000t\000o\000l\000i\000k\000\050\000\051}{subsection.4.10.3}% 126
\BOOKMARK [3][-]{subsubsection.4.10.3.5}{\376\377\0004\000.\0001\0000\000.\0003\000.\0005\000\040\000o\000b\000l\000i\000c\000z\000\137\000c\000z\000a\000s\000\137\000p\000r\000z\000y\000g\000o\000t\000o\000w\000a\000n\000i\000a\000\050\000\051}{subsection.4.10.3}% 127
\BOOKMARK [3][-]{subsubsection.4.10.3.6}{\376\377\0004\000.\0001\0000\000.\0003\000.\0006\000\040\000o\000b\000l\000i\000c\000z\000\137\000k\000o\000s\000z\000t\000\050\000\051}{subsection.4.10.3}% 128
\BOOKMARK [3][-]{subsubsection.4.10.3.7}{\376\377\0004\000.\0001\0000\000.\0003\000.\0007\000\040\000p\000o\000b\000i\000e\000r\000z\000\137\000z\000a\000m\000o\000w\000i\000o\000n\000e\000\050\000\051}{subsection.4.10.3}% 129
\BOOKMARK [3][-]{subsubsection.4.10.3.8}{\376\377\0004\000.\0001\0000\000.\0003\000.\0008\000\040\000p\000o\000k\000a\000z\000\137\000z\000a\000m\000o\000w\000i\000o\000n\000e\000\137\000r\000z\000e\000c\000z\000y\000\050\000\051}{subsection.4.10.3}% 130
\BOOKMARK [3][-]{subsubsection.4.10.3.9}{\376\377\0004\000.\0001\0000\000.\0003\000.\0009\000\040\000p\000o\000w\000i\000a\000d\000o\000m\000\050\000\051}{subsection.4.10.3}% 131
\BOOKMARK [3][-]{subsubsection.4.10.3.10}{\376\377\0004\000.\0001\0000\000.\0003\000.\0001\0000\000\040\000p\000r\000e\000z\000e\000n\000t\000u\000j\000\137\000a\000k\000t\000u\000a\000l\000n\000e\000\137\000z\000a\000k\000u\000p\000y\000\050\000\051}{subsection.4.10.3}% 132
\BOOKMARK [3][-]{subsubsection.4.10.3.11}{\376\377\0004\000.\0001\0000\000.\0003\000.\0001\0001\000\040\000w\000y\000p\000i\000s\000z\000\050\000\051}{subsection.4.10.3}% 133
\BOOKMARK [3][-]{subsubsection.4.10.3.12}{\376\377\0004\000.\0001\0000\000.\0003\000.\0001\0002\000\040\000z\000l\000o\000z\000\137\000z\000a\000m\000o\000w\000i\000e\000n\000i\000e\000\050\000\051}{subsection.4.10.3}% 134
\BOOKMARK [2][-]{subsection.4.10.4}{\376\377\0004\000.\0001\0000\000.\0004\000\040\000M\000e\000m\000b\000e\000r\000\040\000D\000a\000t\000a\000\040\000D\000o\000c\000u\000m\000e\000n\000t\000a\000t\000i\000o\000n}{section.4.10}% 135
\BOOKMARK [3][-]{subsubsection.4.10.4.1}{\376\377\0004\000.\0001\0000\000.\0004\000.\0001\000\040\000c\000t\000r}{subsection.4.10.4}% 136
\BOOKMARK [3][-]{subsubsection.4.10.4.2}{\376\377\0004\000.\0001\0000\000.\0004\000.\0002\000\040\000m\000e\000n\000u}{subsection.4.10.4}% 137
\BOOKMARK [3][-]{subsubsection.4.10.4.3}{\376\377\0004\000.\0001\0000\000.\0004\000.\0003\000\040\000o\000b\000s\000e\000r\000w\000a\000t\000o\000r\000z\000y}{subsection.4.10.4}% 138
\BOOKMARK [3][-]{subsubsection.4.10.4.4}{\376\377\0004\000.\0001\0000\000.\0004\000.\0004\000\040\000s\000t\000o\000l\000i\000k}{subsection.4.10.4}% 139
\BOOKMARK [3][-]{subsubsection.4.10.4.5}{\376\377\0004\000.\0001\0000\000.\0004\000.\0005\000\040\000z\000a\000m\000o\000w\000i\000o\000n\000e\000\137\000d\000a\000n\000i\000a}{subsection.4.10.4}% 140
\BOOKMARK [1][-]{section.4.11}{\376\377\0004\000.\0001\0001\000\040\000Z\000r\000e\000a\000l\000i\000z\000o\000w\000a\000n\000e\000\137\000z\000a\000m\000o\000w\000i\000e\000n\000i\000e\000\040\000C\000l\000a\000s\000s\000\040\000R\000e\000f\000e\000r\000e\000n\000c\000e}{chapter.4}% 141
\BOOKMARK [2][-]{subsection.4.11.1}{\376\377\0004\000.\0001\0001\000.\0001\000\040\000D\000e\000t\000a\000i\000l\000e\000d\000\040\000D\000e\000s\000c\000r\000i\000p\000t\000i\000o\000n}{section.4.11}% 142
\BOOKMARK [2][-]{subsection.4.11.2}{\376\377\0004\000.\0001\0001\000.\0002\000\040\000M\000e\000m\000b\000e\000r\000\040\000F\000u\000n\000c\000t\000i\000o\000n\000\040\000D\000o\000c\000u\000m\000e\000n\000t\000a\000t\000i\000o\000n}{section.4.11}% 143
\BOOKMARK [3][-]{subsubsection.4.11.2.1}{\376\377\0004\000.\0001\0001\000.\0002\000.\0001\000\040\000a\000k\000t\000u\000a\000l\000i\000z\000u\000j\000\050\000\051}{subsection.4.11.2}% 144
\BOOKMARK [3][-]{subsubsection.4.11.2.2}{\376\377\0004\000.\0001\0001\000.\0002\000.\0002\000\040\000o\000d\000w\000o\000l\000a\000j\000\050\000\051}{subsection.4.11.2}% 145
\BOOKMARK [3][-]{subsubsection.4.11.2.3}{\376\377\0004\000.\0001\0001\000.\0002\000.\0003\000\040\000p\000o\000k\000a\000z\000\137\000s\000t\000a\000t\000y\000s\000t\000y\000k\000i\000\050\000\051}{subsection.4.11.2}% 146
\BOOKMARK [2][-]{subsection.4.11.3}{\376\377\0004\000.\0001\0001\000.\0003\000\040\000F\000r\000i\000e\000n\000d\000s\000\040\000A\000n\000d\000\040\000R\000e\000l\000a\000t\000e\000d\000\040\000F\000u\000n\000c\000t\000i\000o\000n\000\040\000D\000o\000c\000u\000m\000e\000n\000t\000a\000t\000i\000o\000n}{section.4.11}% 147
\BOOKMARK [3][-]{subsubsection.4.11.3.1}{\376\377\0004\000.\0001\0001\000.\0003\000.\0001\000\040\000Z\000a\000m\000o\000w\000i\000e\000n\000i\000e}{subsection.4.11.3}% 148
\BOOKMARK [2][-]{subsection.4.11.4}{\376\377\0004\000.\0001\0001\000.\0004\000\040\000M\000e\000m\000b\000e\000r\000\040\000D\000a\000t\000a\000\040\000D\000o\000c\000u\000m\000e\000n\000t\000a\000t\000i\000o\000n}{section.4.11}% 149
\BOOKMARK [3][-]{subsubsection.4.11.4.1}{\376\377\0004\000.\0001\0001\000.\0004\000.\0001\000\040\000i\000l\000o\000s\000c}{subsection.4.11.4}% 150
\BOOKMARK [3][-]{subsubsection.4.11.4.2}{\376\377\0004\000.\0001\0001\000.\0004\000.\0002\000\040\000z\000a\000m\000o\000w\000i\000e\000n\000i\000a}{subsection.4.11.4}% 151
\BOOKMARK [0][-]{chapter.5}{\376\377\0005\000\040\000F\000i\000l\000e\000\040\000D\000o\000c\000u\000m\000e\000n\000t\000a\000t\000i\000o\000n}{}% 152
\BOOKMARK [1][-]{section.5.1}{\376\377\0005\000.\0001\000\040\000C\000:\000/\000U\000s\000e\000r\000s\000/\000p\000a\000w\000e\000l\000/\000s\000o\000u\000r\000c\000e\000/\000r\000e\000p\000o\000s\000/\000p\000o\000l\000s\000l\000-\000a\000e\000i\000-\000p\000k\0002\000-\000k\000a\000t\000o\000w\000i\000c\000e\000/\0007\0006\000b\0004\000e\0001\0002\0001\000-\000g\000r\0001\0001\000-\000r\000e\000p\000o\000/\000P\000r\000o\000j\000e\000k\000t\000/\000L\000o\000k\000a\000l\000\137\000g\000a\000s\000t\000r\000o\000n\000o\000m\000i\000c\000z\000n\000y\000/\000P\000r\000o\000j\000e\000c\000t\0001\000/\000d\000a\000n\000i\000a\000.\000h\000\040\000F\000i\000l\000e\000\040\000R\000e\000f\000e\000r\000e\000n\000c\000e}{chapter.5}% 153
\BOOKMARK [1][-]{section.5.2}{\376\377\0005\000.\0002\000\040\000d\000a\000n\000i\000a\000.\000h}{chapter.5}% 154
\BOOKMARK [1][-]{section.5.3}{\376\377\0005\000.\0003\000\040\000C\000:\000/\000U\000s\000e\000r\000s\000/\000p\000a\000w\000e\000l\000/\000s\000o\000u\000r\000c\000e\000/\000r\000e\000p\000o\000s\000/\000p\000o\000l\000s\000l\000-\000a\000e\000i\000-\000p\000k\0002\000-\000k\000a\000t\000o\000w\000i\000c\000e\000/\0007\0006\000b\0004\000e\0001\0002\0001\000-\000g\000r\0001\0001\000-\000r\000e\000p\000o\000/\000P\000r\000o\000j\000e\000k\000t\000/\000L\000o\000k\000a\000l\000\137\000g\000a\000s\000t\000r\000o\000n\000o\000m\000i\000c\000z\000n\000y\000/\000P\000r\000o\000j\000e\000c\000t\0001\000/\000f\000u\000n\000k\000c\000j\000e\000.\000c\000p\000p\000\040\000F\000i\000l\000e\000\040\000R\000e\000f\000e\000r\000e\000n\000c\000e}{chapter.5}% 155
\BOOKMARK [2][-]{subsection.5.3.1}{\376\377\0005\000.\0003\000.\0001\000\040\000F\000u\000n\000c\000t\000i\000o\000n\000\040\000D\000o\000c\000u\000m\000e\000n\000t\000a\000t\000i\000o\000n}{section.5.3}% 156
\BOOKMARK [3][-]{subsubsection.5.3.1.1}{\376\377\0005\000.\0003\000.\0001\000.\0001\000\040\000o\000p\000e\000r\000a\000t\000o\000r\000<\000<\000\050\000\051}{subsection.5.3.1}% 157
\BOOKMARK [3][-]{subsubsection.5.3.1.2}{\376\377\0005\000.\0003\000.\0001\000.\0002\000\040\000p\000o\000k\000a\000z\000\137\000m\000e\000n\000u\000\137\000d\000z\000i\000a\000l\000a\000n\000i\000a\000\137\000w\000s\000t\000e\000p\000\050\000\051}{subsection.5.3.1}% 158
\BOOKMARK [3][-]{subsubsection.5.3.1.3}{\376\377\0005\000.\0003\000.\0001\000.\0003\000\040\000p\000o\000k\000a\000z\000\137\000m\000e\000n\000u\000\137\000d\000z\000i\000a\000l\000a\000n\000i\000a\000\137\000z\000a\000m\000o\000w\000i\000e\000n\000i\000e\000\050\000\051}{subsection.5.3.1}% 159
\BOOKMARK [3][-]{subsubsection.5.3.1.4}{\376\377\0005\000.\0003\000.\0001\000.\0004\000\040\000w\000y\000z\000n\000a\000c\000z\000\137\000i\000d\000\137\000w\000o\000l\000n\000y\000\137\000s\000t\000o\000l\000i\000k\000\137\000m\000i\000n\000\137\000o\000s\000\050\000\051}{subsection.5.3.1}% 160
\BOOKMARK [1][-]{section.5.4}{\376\377\0005\000.\0004\000\040\000C\000:\000/\000U\000s\000e\000r\000s\000/\000p\000a\000w\000e\000l\000/\000s\000o\000u\000r\000c\000e\000/\000r\000e\000p\000o\000s\000/\000p\000o\000l\000s\000l\000-\000a\000e\000i\000-\000p\000k\0002\000-\000k\000a\000t\000o\000w\000i\000c\000e\000/\0007\0006\000b\0004\000e\0001\0002\0001\000-\000g\000r\0001\0001\000-\000r\000e\000p\000o\000/\000P\000r\000o\000j\000e\000k\000t\000/\000L\000o\000k\000a\000l\000\137\000g\000a\000s\000t\000r\000o\000n\000o\000m\000i\000c\000z\000n\000y\000/\000P\000r\000o\000j\000e\000c\000t\0001\000/\000f\000u\000n\000k\000c\000j\000e\000.\000h\000\040\000F\000i\000l\000e\000\040\000R\000e\000f\000e\000r\000e\000n\000c\000e}{chapter.5}% 161
\BOOKMARK [2][-]{subsection.5.4.1}{\376\377\0005\000.\0004\000.\0001\000\040\000F\000u\000n\000c\000t\000i\000o\000n\000\040\000D\000o\000c\000u\000m\000e\000n\000t\000a\000t\000i\000o\000n}{section.5.4}% 162
\BOOKMARK [3][-]{subsubsection.5.4.1.1}{\376\377\0005\000.\0004\000.\0001\000.\0001\000\040\000k\000o\000n\000w\000e\000r\000t\000e\000r\000\137\000z\000e\000\137\000s\000t\000r\000i\000n\000g\000a\000\050\000\051}{subsection.5.4.1}% 163
\BOOKMARK [3][-]{subsubsection.5.4.1.2}{\376\377\0005\000.\0004\000.\0001\000.\0002\000\040\000p\000o\000k\000a\000z\000\137\000m\000e\000n\000u\000\137\000d\000z\000i\000a\000l\000a\000n\000i\000a\000\137\000w\000s\000t\000e\000p\000\050\000\051}{subsection.5.4.1}% 164
\BOOKMARK [3][-]{subsubsection.5.4.1.3}{\376\377\0005\000.\0004\000.\0001\000.\0003\000\040\000p\000o\000k\000a\000z\000\137\000m\000e\000n\000u\000\137\000d\000z\000i\000a\000l\000a\000n\000i\000a\000\137\000z\000a\000m\000o\000w\000i\000e\000n\000i\000e\000\050\000\051}{subsection.5.4.1}% 165
\BOOKMARK [3][-]{subsubsection.5.4.1.4}{\376\377\0005\000.\0004\000.\0001\000.\0004\000\040\000w\000y\000z\000n\000a\000c\000z\000\137\000i\000d\000\137\000w\000o\000l\000n\000y\000\137\000s\000t\000o\000l\000i\000k\000\137\000m\000i\000n\000\137\000o\000s\000\050\000\051}{subsection.5.4.1}% 166
\BOOKMARK [1][-]{section.5.5}{\376\377\0005\000.\0005\000\040\000f\000u\000n\000k\000c\000j\000e\000.\000h}{chapter.5}% 167
\BOOKMARK [1][-]{section.5.6}{\376\377\0005\000.\0006\000\040\000C\000:\000/\000U\000s\000e\000r\000s\000/\000p\000a\000w\000e\000l\000/\000s\000o\000u\000r\000c\000e\000/\000r\000e\000p\000o\000s\000/\000p\000o\000l\000s\000l\000-\000a\000e\000i\000-\000p\000k\0002\000-\000k\000a\000t\000o\000w\000i\000c\000e\000/\0007\0006\000b\0004\000e\0001\0002\0001\000-\000g\000r\0001\0001\000-\000r\000e\000p\000o\000/\000P\000r\000o\000j\000e\000k\000t\000/\000L\000o\000k\000a\000l\000\137\000g\000a\000s\000t\000r\000o\000n\000o\000m\000i\000c\000z\000n\000y\000/\000P\000r\000o\000j\000e\000c\000t\0001\000/\000m\000a\000i\000n\000.\000c\000p\000p\000\040\000F\000i\000l\000e\000\040\000R\000e\000f\000e\000r\000e\000n\000c\000e}{chapter.5}% 168
\BOOKMARK [1][-]{section.5.7}{\376\377\0005\000.\0007\000\040\000C\000:\000/\000U\000s\000e\000r\000s\000/\000p\000a\000w\000e\000l\000/\000s\000o\000u\000r\000c\000e\000/\000r\000e\000p\000o\000s\000/\000p\000o\000l\000s\000l\000-\000a\000e\000i\000-\000p\000k\0002\000-\000k\000a\000t\000o\000w\000i\000c\000e\000/\0007\0006\000b\0004\000e\0001\0002\0001\000-\000g\000r\0001\0001\000-\000r\000e\000p\000o\000/\000P\000r\000o\000j\000e\000k\000t\000/\000L\000o\000k\000a\000l\000\137\000g\000a\000s\000t\000r\000o\000n\000o\000m\000i\000c\000z\000n\000y\000/\000P\000r\000o\000j\000e\000c\000t\0001\000/\000p\000r\000a\000c\000o\000w\000n\000i\000c\000y\000.\000h\000\040\000F\000i\000l\000e\000\040\000R\000e\000f\000e\000r\000e\000n\000c\000e}{chapter.5}% 169
\BOOKMARK [1][-]{section.5.8}{\376\377\0005\000.\0008\000\040\000p\000r\000a\000c\000o\000w\000n\000i\000c\000y\000.\000h}{chapter.5}% 170
\BOOKMARK [1][-]{section.5.9}{\376\377\0005\000.\0009\000\040\000C\000:\000/\000U\000s\000e\000r\000s\000/\000p\000a\000w\000e\000l\000/\000s\000o\000u\000r\000c\000e\000/\000r\000e\000p\000o\000s\000/\000p\000o\000l\000s\000l\000-\000a\000e\000i\000-\000p\000k\0002\000-\000k\000a\000t\000o\000w\000i\000c\000e\000/\0007\0006\000b\0004\000e\0001\0002\0001\000-\000g\000r\0001\0001\000-\000r\000e\000p\000o\000/\000P\000r\000o\000j\000e\000k\000t\000/\000L\000o\000k\000a\000l\000\137\000g\000a\000s\000t\000r\000o\000n\000o\000m\000i\000c\000z\000n\000y\000/\000P\000r\000o\000j\000e\000c\000t\0001\000/\000s\000t\000o\000l\000i\000k\000.\000h\000\040\000F\000i\000l\000e\000\040\000R\000e\000f\000e\000r\000e\000n\000c\000e}{chapter.5}% 171
\BOOKMARK [1][-]{section.5.10}{\376\377\0005\000.\0001\0000\000\040\000s\000t\000o\000l\000i\000k\000.\000h}{chapter.5}% 172
\BOOKMARK [1][-]{section.5.11}{\376\377\0005\000.\0001\0001\000\040\000C\000:\000/\000U\000s\000e\000r\000s\000/\000p\000a\000w\000e\000l\000/\000s\000o\000u\000r\000c\000e\000/\000r\000e\000p\000o\000s\000/\000p\000o\000l\000s\000l\000-\000a\000e\000i\000-\000p\000k\0002\000-\000k\000a\000t\000o\000w\000i\000c\000e\000/\0007\0006\000b\0004\000e\0001\0002\0001\000-\000g\000r\0001\0001\000-\000r\000e\000p\000o\000/\000P\000r\000o\000j\000e\000k\000t\000/\000L\000o\000k\000a\000l\000\137\000g\000a\000s\000t\000r\000o\000n\000o\000m\000i\000c\000z\000n\000y\000/\000P\000r\000o\000j\000e\000c\000t\0001\000/\000z\000a\000m\000o\000w\000i\000e\000n\000i\000a\000.\000h\000\040\000F\000i\000l\000e\000\040\000R\000e\000f\000e\000r\000e\000n\000c\000e}{chapter.5}% 173
\BOOKMARK [1][-]{section.5.12}{\376\377\0005\000.\0001\0002\000\040\000z\000a\000m\000o\000w\000i\000e\000n\000i\000a\000.\000h}{chapter.5}% 174
\BOOKMARK [1][-]{section.5.13}{\376\377\0005\000.\0001\0003\000\040\000C\000:\000/\000U\000s\000e\000r\000s\000/\000p\000a\000w\000e\000l\000/\000s\000o\000u\000r\000c\000e\000/\000r\000e\000p\000o\000s\000/\000p\000o\000l\000s\000l\000-\000a\000e\000i\000-\000p\000k\0002\000-\000k\000a\000t\000o\000w\000i\000c\000e\000/\0007\0006\000b\0004\000e\0001\0002\0001\000-\000g\000r\0001\0001\000-\000r\000e\000p\000o\000/\000P\000r\000o\000j\000e\000k\000t\000/\000L\000o\000k\000a\000l\000\137\000g\000a\000s\000t\000r\000o\000n\000o\000m\000i\000c\000z\000n\000y\000/\000P\000r\000o\000j\000e\000c\000t\0001\000/\000z\000r\000e\000a\000l\000i\000z\000o\000w\000a\000n\000e\000\137\000z\000a\000m\000o\000w\000i\000e\000n\000i\000e\000.\000h\000\040\000F\000i\000l\000e\000\040\000R\000e\000f\000e\000r\000e\000n\000c\000e}{chapter.5}% 175
\BOOKMARK [1][-]{section.5.14}{\376\377\0005\000.\0001\0004\000\040\000z\000r\000e\000a\000l\000i\000z\000o\000w\000a\000n\000e\000\137\000z\000a\000m\000o\000w\000i\000e\000n\000i\000e\000.\000h}{chapter.5}% 176
\BOOKMARK [0][-]{section*.43}{\376\377\000I\000n\000d\000e\000x}{}% 177
