\BOOKMARK [0][-]{chapter.1}{\376\377\0001\000\040\000I\000n\000d\000e\000k\000s\000\040\000k\000l\000a\000s}{}% 1
\BOOKMARK [1][-]{section.1.1}{\376\377\0001\000.\0001\000\040\000L\000i\000s\000t\000a\000\040\000k\000l\000a\000s}{chapter.1}% 2
\BOOKMARK [0][-]{chapter.2}{\376\377\0002\000\040\000I\000n\000d\000e\000k\000s\000\040\000p\000l\000i\000k\000\363\000w}{}% 3
\BOOKMARK [1][-]{section.2.1}{\376\377\0002\000.\0001\000\040\000L\000i\000s\000t\000a\000\040\000p\000l\000i\000k\000\363\000w}{chapter.2}% 4
\BOOKMARK [0][-]{chapter.3}{\376\377\0003\000\040\000D\000o\000k\000u\000m\000e\000n\000t\000a\000c\000j\000a\000\040\000k\000l\000a\000s}{}% 5
\BOOKMARK [1][-]{section.3.1}{\376\377\0003\000.\0001\000\040\000D\000o\000k\000u\000m\000e\000n\000t\000a\000c\000j\000a\000\040\000s\000t\000r\000u\000k\000t\000u\000r\000y\000\040\000P\000a\000r\000a\000m\000s}{chapter.3}% 6
\BOOKMARK [2][-]{subsection.3.1.1}{\376\377\0003\000.\0001\000.\0001\000\040\000O\000p\000i\000s\000\040\000s\000z\000c\000z\000e\000g\000\363\001\102\000o\000w\000y}{section.3.1}% 7
\BOOKMARK [2][-]{subsection.3.1.2}{\376\377\0003\000.\0001\000.\0002\000\040\000D\000o\000k\000u\000m\000e\000n\000t\000a\000c\000j\000a\000\040\000a\000t\000r\000y\000b\000u\000t\000\363\000w\000\040\000s\000k\001\102\000a\000d\000o\000w\000y\000c\000h}{section.3.1}% 8
\BOOKMARK [3][-]{subsubsection.3.1.2.1}{\376\377\0003\000.\0001\000.\0002\000.\0001\000\040\000f\000l\000a\000g\000a\000\137\000d\000z\000i\000a\000l\000a\000n\000i\000a}{subsection.3.1.2}% 9
\BOOKMARK [3][-]{subsubsection.3.1.2.2}{\376\377\0003\000.\0001\000.\0002\000.\0002\000\040\000i\000n\000p\000u\000t\000F\000i\000l\000e}{subsection.3.1.2}% 10
\BOOKMARK [3][-]{subsubsection.3.1.2.3}{\376\377\0003\000.\0001\000.\0002\000.\0003\000\040\000k\000l\000u\000c\000z\000F\000i\000l\000e}{subsection.3.1.2}% 11
\BOOKMARK [3][-]{subsubsection.3.1.2.4}{\376\377\0003\000.\0001\000.\0002\000.\0004\000\040\000o\000u\000t\000p\000u\000t\000F\000i\000l\000e}{subsection.3.1.2}% 12
\BOOKMARK [0][-]{chapter.4}{\376\377\0004\000\040\000D\000o\000k\000u\000m\000e\000n\000t\000a\000c\000j\000a\000\040\000p\000l\000i\000k\000\363\000w}{}% 13
\BOOKMARK [1][-]{section.4.1}{\376\377\0004\000.\0001\000\040\000D\000o\000k\000u\000m\000e\000n\000t\000a\000c\000j\000a\000\040\000p\000l\000i\000k\000u\000\040\000C\000:\000/\000U\000s\000e\000r\000s\000/\000u\000s\000e\000r\000/\000s\000o\000u\000r\000c\000e\000/\000r\000e\000p\000o\000s\000/\000p\000o\000l\000s\000l\000-\000a\000e\000i\000-\000p\000p\000k\000-\000k\000a\000t\000o\000w\000i\000c\000e\000/\000a\0006\0008\0002\000f\0004\0009\0007\000-\000g\000r\0002\0002\000-\000r\000e\000p\000o\000/\000p\000r\000o\000j\000e\000k\000t\000/\000P\000r\000o\000j\000e\000k\000t\000/\000f\000u\000n\000k\000c\000j\000e\000.\000c\000p\000p}{chapter.4}% 14
\BOOKMARK [2][-]{subsection.4.1.1}{\376\377\0004\000.\0001\000.\0001\000\040\000D\000o\000k\000u\000m\000e\000n\000t\000a\000c\000j\000a\000\040\000f\000u\000n\000k\000c\000j\000i}{section.4.1}% 15
\BOOKMARK [3][-]{subsubsection.4.1.1.1}{\376\377\0004\000.\0001\000.\0001\000.\0001\000\040\000c\000z\000y\000t\000a\000j\000\137\000P\000a\000r\000a\000m\000e\000t\000r\000y\000\050\000\051}{subsection.4.1.1}% 16
\BOOKMARK [3][-]{subsubsection.4.1.1.2}{\376\377\0004\000.\0001\000.\0001\000.\0002\000\040\000d\000e\000c\000y\000z\000j\000a\000t\000o\000r\000\050\000\051}{subsection.4.1.1}% 17
\BOOKMARK [3][-]{subsubsection.4.1.1.3}{\376\377\0004\000.\0001\000.\0001\000.\0003\000\040\000d\000e\000s\000z\000y\000f\000r\000o\000w\000a\000n\000i\000e\000\050\000\051}{subsection.4.1.1}% 18
\BOOKMARK [3][-]{subsubsection.4.1.1.4}{\376\377\0004\000.\0001\000.\0001\000.\0004\000\040\000d\000e\000s\000z\000y\000f\000r\000o\000w\000a\000n\000i\000e\000\137\000z\000n\000a\000k\000u\000\050\000\051}{subsection.4.1.1}% 19
\BOOKMARK [3][-]{subsubsection.4.1.1.5}{\376\377\0004\000.\0001\000.\0001\000.\0005\000\040\000f\000i\000l\000t\000r\000o\000w\000a\000n\000i\000e\000\137\000t\000e\000k\000s\000t\000u\000\050\000\051}{subsection.4.1.1}% 20
\BOOKMARK [3][-]{subsubsection.4.1.1.6}{\376\377\0004\000.\0001\000.\0001\000.\0006\000\040\000k\000o\000m\000p\000a\000r\000a\000t\000o\000r\000\137\000k\000l\000u\000c\000z\000a\000\050\000\051}{subsection.4.1.1}% 21
\BOOKMARK [3][-]{subsubsection.4.1.1.7}{\376\377\0004\000.\0001\000.\0001\000.\0007\000\040\000k\000o\000m\000p\000a\000r\000a\000t\000o\000r\000\137\000w\000a\000r\000t\000o\000s\000c\000i\000\050\000\051}{subsection.4.1.1}% 22
\BOOKMARK [3][-]{subsubsection.4.1.1.8}{\376\377\0004\000.\0001\000.\0001\000.\0008\000\040\000l\000a\000m\000a\000n\000i\000e\000\137\000k\000o\000d\000u\000\050\000\051}{subsection.4.1.1}% 23
\BOOKMARK [3][-]{subsubsection.4.1.1.9}{\376\377\0004\000.\0001\000.\0001\000.\0009\000\040\000N\000W\000D\000\050\000\051}{subsection.4.1.1}% 24
\BOOKMARK [3][-]{subsubsection.4.1.1.10}{\376\377\0004\000.\0001\000.\0001\000.\0001\0000\000\040\000N\000W\000D\000v\0002\000\050\000\051}{subsection.4.1.1}% 25
\BOOKMARK [3][-]{subsubsection.4.1.1.11}{\376\377\0004\000.\0001\000.\0001\000.\0001\0001\000\040\000p\000o\000m\000o\000c\000\050\000\051}{subsection.4.1.1}% 26
\BOOKMARK [3][-]{subsubsection.4.1.1.12}{\376\377\0004\000.\0001\000.\0001\000.\0001\0002\000\040\000s\000o\000r\000t\000u\000j\000\050\000\051}{subsection.4.1.1}% 27
\BOOKMARK [3][-]{subsubsection.4.1.1.13}{\376\377\0004\000.\0001\000.\0001\000.\0001\0003\000\040\000s\000z\000y\000f\000r\000o\000w\000a\000n\000i\000e\000\050\000\051}{subsection.4.1.1}% 28
\BOOKMARK [3][-]{subsubsection.4.1.1.14}{\376\377\0004\000.\0001\000.\0001\000.\0001\0004\000\040\000s\000z\000y\000f\000r\000o\000w\000a\000n\000i\000e\000\137\000z\000n\000a\000k\000u\000\050\000\051}{subsection.4.1.1}% 29
\BOOKMARK [3][-]{subsubsection.4.1.1.15}{\376\377\0004\000.\0001\000.\0001\000.\0001\0005\000\040\000w\000c\000z\000y\000t\000a\000j\000\137\000p\000l\000i\000k\000\050\000\051}{subsection.4.1.1}% 30
\BOOKMARK [3][-]{subsubsection.4.1.1.16}{\376\377\0004\000.\0001\000.\0001\000.\0001\0006\000\040\000w\000y\000z\000n\000a\000c\000z\000\137\000z\000n\000a\000k\000\137\000k\000l\000u\000c\000z\000a\000\050\000\051}{subsection.4.1.1}% 31
\BOOKMARK [3][-]{subsubsection.4.1.1.17}{\376\377\0004\000.\0001\000.\0001\000.\0001\0007\000\040\000w\000y\000z\000n\000a\000c\000z\000a\000n\000i\000e\000\137\000c\000i\000a\000g\000o\000w\000\050\000\051}{subsection.4.1.1}% 32
\BOOKMARK [3][-]{subsubsection.4.1.1.18}{\376\377\0004\000.\0001\000.\0001\000.\0001\0008\000\040\000w\000y\000z\000n\000a\000c\000z\000a\000n\000i\000e\000\137\000d\000l\000u\000g\000o\000s\000c\000i\000\137\000k\000l\000u\000c\000z\000a\000\050\000\051}{subsection.4.1.1}% 33
\BOOKMARK [3][-]{subsubsection.4.1.1.19}{\376\377\0004\000.\0001\000.\0001\000.\0001\0009\000\040\000w\000y\000z\000n\000a\000c\000z\000a\000n\000i\000e\000\137\000k\000l\000u\000c\000z\000a\000\050\000\051}{subsection.4.1.1}% 34
\BOOKMARK [3][-]{subsubsection.4.1.1.20}{\376\377\0004\000.\0001\000.\0001\000.\0002\0000\000\040\000w\000y\000z\000n\000a\000c\000z\000a\000n\000i\000e\000\137\000r\000o\000z\000n\000i\000c\000\050\000\051}{subsection.4.1.1}% 35
\BOOKMARK [1][-]{section.4.2}{\376\377\0004\000.\0002\000\040\000D\000o\000k\000u\000m\000e\000n\000t\000a\000c\000j\000a\000\040\000p\000l\000i\000k\000u\000\040\000C\000:\000/\000U\000s\000e\000r\000s\000/\000u\000s\000e\000r\000/\000s\000o\000u\000r\000c\000e\000/\000r\000e\000p\000o\000s\000/\000p\000o\000l\000s\000l\000-\000a\000e\000i\000-\000p\000p\000k\000-\000k\000a\000t\000o\000w\000i\000c\000e\000/\000a\0006\0008\0002\000f\0004\0009\0007\000-\000g\000r\0002\0002\000-\000r\000e\000p\000o\000/\000p\000r\000o\000j\000e\000k\000t\000/\000P\000r\000o\000j\000e\000k\000t\000/\000f\000u\000n\000k\000c\000j\000e\000.\000h}{chapter.4}% 36
\BOOKMARK [2][-]{subsection.4.2.1}{\376\377\0004\000.\0002\000.\0001\000\040\000D\000o\000k\000u\000m\000e\000n\000t\000a\000c\000j\000a\000\040\000f\000u\000n\000k\000c\000j\000i}{section.4.2}% 37
\BOOKMARK [3][-]{subsubsection.4.2.1.1}{\376\377\0004\000.\0002\000.\0001\000.\0001\000\040\000c\000z\000y\000t\000a\000j\000\137\000P\000a\000r\000a\000m\000e\000t\000r\000y\000\050\000\051}{subsection.4.2.1}% 38
\BOOKMARK [3][-]{subsubsection.4.2.1.2}{\376\377\0004\000.\0002\000.\0001\000.\0002\000\040\000d\000e\000c\000y\000z\000j\000a\000t\000o\000r\000\050\000\051}{subsection.4.2.1}% 39
\BOOKMARK [3][-]{subsubsection.4.2.1.3}{\376\377\0004\000.\0002\000.\0001\000.\0003\000\040\000d\000e\000s\000z\000y\000f\000r\000o\000w\000a\000n\000i\000e\000\050\000\051}{subsection.4.2.1}% 40
\BOOKMARK [3][-]{subsubsection.4.2.1.4}{\376\377\0004\000.\0002\000.\0001\000.\0004\000\040\000d\000e\000s\000z\000y\000f\000r\000o\000w\000a\000n\000i\000e\000\137\000z\000n\000a\000k\000u\000\050\000\051}{subsection.4.2.1}% 41
\BOOKMARK [3][-]{subsubsection.4.2.1.5}{\376\377\0004\000.\0002\000.\0001\000.\0005\000\040\000f\000i\000l\000t\000r\000o\000w\000a\000n\000i\000e\000\137\000t\000e\000k\000s\000t\000u\000\050\000\051}{subsection.4.2.1}% 42
\BOOKMARK [3][-]{subsubsection.4.2.1.6}{\376\377\0004\000.\0002\000.\0001\000.\0006\000\040\000k\000o\000m\000p\000a\000r\000a\000t\000o\000r\000\137\000k\000l\000u\000c\000z\000a\000\050\000\051}{subsection.4.2.1}% 43
\BOOKMARK [3][-]{subsubsection.4.2.1.7}{\376\377\0004\000.\0002\000.\0001\000.\0007\000\040\000k\000o\000m\000p\000a\000r\000a\000t\000o\000r\000\137\000w\000a\000r\000t\000o\000s\000c\000i\000\050\000\051}{subsection.4.2.1}% 44
\BOOKMARK [3][-]{subsubsection.4.2.1.8}{\376\377\0004\000.\0002\000.\0001\000.\0008\000\040\000l\000a\000m\000a\000n\000i\000e\000\137\000k\000o\000d\000u\000\050\000\051}{subsection.4.2.1}% 45
\BOOKMARK [3][-]{subsubsection.4.2.1.9}{\376\377\0004\000.\0002\000.\0001\000.\0009\000\040\000N\000W\000D\000\050\000\051}{subsection.4.2.1}% 46
\BOOKMARK [3][-]{subsubsection.4.2.1.10}{\376\377\0004\000.\0002\000.\0001\000.\0001\0000\000\040\000N\000W\000D\000v\0002\000\050\000\051}{subsection.4.2.1}% 47
\BOOKMARK [3][-]{subsubsection.4.2.1.11}{\376\377\0004\000.\0002\000.\0001\000.\0001\0001\000\040\000p\000o\000m\000o\000c\000\050\000\051}{subsection.4.2.1}% 48
\BOOKMARK [3][-]{subsubsection.4.2.1.12}{\376\377\0004\000.\0002\000.\0001\000.\0001\0002\000\040\000s\000o\000r\000t\000u\000j\000\050\000\051}{subsection.4.2.1}% 49
\BOOKMARK [3][-]{subsubsection.4.2.1.13}{\376\377\0004\000.\0002\000.\0001\000.\0001\0003\000\040\000s\000z\000y\000f\000r\000o\000w\000a\000n\000i\000e\000\050\000\051}{subsection.4.2.1}% 50
\BOOKMARK [3][-]{subsubsection.4.2.1.14}{\376\377\0004\000.\0002\000.\0001\000.\0001\0004\000\040\000s\000z\000y\000f\000r\000o\000w\000a\000n\000i\000e\000\137\000z\000n\000a\000k\000u\000\050\000\051}{subsection.4.2.1}% 51
\BOOKMARK [3][-]{subsubsection.4.2.1.15}{\376\377\0004\000.\0002\000.\0001\000.\0001\0005\000\040\000w\000c\000z\000y\000t\000a\000j\000\137\000p\000l\000i\000k\000\050\000\051}{subsection.4.2.1}% 52
\BOOKMARK [3][-]{subsubsection.4.2.1.16}{\376\377\0004\000.\0002\000.\0001\000.\0001\0006\000\040\000w\000y\000z\000n\000a\000c\000z\000\137\000z\000n\000a\000k\000\137\000k\000l\000u\000c\000z\000a\000\050\000\051}{subsection.4.2.1}% 53
\BOOKMARK [3][-]{subsubsection.4.2.1.17}{\376\377\0004\000.\0002\000.\0001\000.\0001\0007\000\040\000w\000y\000z\000n\000a\000c\000z\000a\000n\000i\000e\000\137\000c\000i\000a\000g\000o\000w\000\050\000\051}{subsection.4.2.1}% 54
\BOOKMARK [3][-]{subsubsection.4.2.1.18}{\376\377\0004\000.\0002\000.\0001\000.\0001\0008\000\040\000w\000y\000z\000n\000a\000c\000z\000a\000n\000i\000e\000\137\000d\000l\000u\000g\000o\000s\000c\000i\000\137\000k\000l\000u\000c\000z\000a\000\050\000\051}{subsection.4.2.1}% 55
\BOOKMARK [3][-]{subsubsection.4.2.1.19}{\376\377\0004\000.\0002\000.\0001\000.\0001\0009\000\040\000w\000y\000z\000n\000a\000c\000z\000a\000n\000i\000e\000\137\000k\000l\000u\000c\000z\000a\000\050\000\051}{subsection.4.2.1}% 56
\BOOKMARK [3][-]{subsubsection.4.2.1.20}{\376\377\0004\000.\0002\000.\0001\000.\0002\0000\000\040\000w\000y\000z\000n\000a\000c\000z\000a\000n\000i\000e\000\137\000r\000o\000z\000n\000i\000c\000\050\000\051}{subsection.4.2.1}% 57
\BOOKMARK [1][-]{section.4.3}{\376\377\0004\000.\0003\000\040\000f\000u\000n\000k\000c\000j\000e\000.\000h}{chapter.4}% 58
\BOOKMARK [1][-]{section.4.4}{\376\377\0004\000.\0004\000\040\000D\000o\000k\000u\000m\000e\000n\000t\000a\000c\000j\000a\000\040\000p\000l\000i\000k\000u\000\040\000C\000:\000/\000U\000s\000e\000r\000s\000/\000u\000s\000e\000r\000/\000s\000o\000u\000r\000c\000e\000/\000r\000e\000p\000o\000s\000/\000p\000o\000l\000s\000l\000-\000a\000e\000i\000-\000p\000p\000k\000-\000k\000a\000t\000o\000w\000i\000c\000e\000/\000a\0006\0008\0002\000f\0004\0009\0007\000-\000g\000r\0002\0002\000-\000r\000e\000p\000o\000/\000p\000r\000o\000j\000e\000k\000t\000/\000P\000r\000o\000j\000e\000k\000t\000/\000m\000a\000i\000n\000.\000c\000p\000p}{chapter.4}% 59
\BOOKMARK [0][-]{section*.6}{\376\377\000I\000n\000d\000e\000k\000s}{}% 60
